parse	nil	nil
{
  TThostFtdcAMLAccountTypeType = "string",
  TThostFtdcAMLCapitalIOType = "string",
  TThostFtdcAMLCapitalPurposeType = "string",
  TThostFtdcAMLCheckStatusType = "char",
  TThostFtdcAMLCustomerCardTypeType = "string",
  TThostFtdcAMLDistrictIDType = "string",
  TThostFtdcAMLFileAmountType = "integer",
  TThostFtdcAMLFileNameType = "string",
  TThostFtdcAMLGenStatusType = "char",
  TThostFtdcAMLIdCardTypeType = "string",
  TThostFtdcAMLInstitutionIDType = "string",
  TThostFtdcAMLInstitutionNameType = "string",
  TThostFtdcAMLInstitutionTypeType = "string",
  TThostFtdcAMLInvestorTypeType = "string",
  TThostFtdcAMLMoneyType = "double",
  TThostFtdcAMLOpParamValueType = "double",
  TThostFtdcAMLParamIDType = "string",
  TThostFtdcAMLRelationShipType = "string",
  TThostFtdcAMLReportNameType = "string",
  TThostFtdcAMLReportTypeType = "string",
  TThostFtdcAMLSeqCodeType = "string",
  TThostFtdcAMLSerialNoType = "string",
  TThostFtdcAMLSiteType = "string",
  TThostFtdcAMLStatusType = "string",
  TThostFtdcAMLTradeDirectType = "string",
  TThostFtdcAMLTradeModelType = "string",
  TThostFtdcAMLTradingTypeType = "string",
  TThostFtdcAMLTransactClassType = "string",
  TThostFtdcAPIProductClassType = "char",
  TThostFtdcAbstractType = "string",
  TThostFtdcAccountIDType = "string",
  TThostFtdcAccountSettlementParamIDType = "char",
  TThostFtdcAccountSourceTypeType = "char",
  TThostFtdcActionDirectionType = "char",
  TThostFtdcActionFlagType = "char",
  TThostFtdcActionTypeType = "char",
  TThostFtdcActiveTypeType = "char",
  TThostFtdcAddInfoType = "string",
  TThostFtdcAdditionalInfoLenType = "integer",
  TThostFtdcAdditionalInfoType = "string",
  TThostFtdcAddressType = "string",
  TThostFtdcAdvanceMonthArrayType = "string",
  TThostFtdcAgentBrokerIDType = "string",
  TThostFtdcAgentGroupIDType = "string",
  TThostFtdcAgentGroupNameType = "string",
  TThostFtdcAgentIDType = "string",
  TThostFtdcAgentNameType = "string",
  TThostFtdcAlgoTypeType = "char",
  TThostFtdcAlgorithmType = "char",
  TThostFtdcAllWithoutTradeType = "char",
  TThostFtdcAmAccountType = "string",
  TThostFtdcAmTypeType = "char",
  TThostFtdcAmlCheckFlowType = "string",
  TThostFtdcAmlCheckLevelType = "char",
  TThostFtdcAmlDateTypeType = "char",
  TThostFtdcAppIDType = "string",
  TThostFtdcAppTypeType = "char",
  TThostFtdcApplicationIDType = "integer",
  TThostFtdcApplyOperateIDType = "char",
  TThostFtdcApplyStatusIDType = "char",
  TThostFtdcApplyTypeType = "char",
  TThostFtdcAreaCodeType = "string",
  TThostFtdcAssetmgrApprovalNOType = "string",
  TThostFtdcAssetmgrCFullNameType = "string",
  TThostFtdcAssetmgrClientTypeType = "char",
  TThostFtdcAssetmgrMgrNameType = "string",
  TThostFtdcAssetmgrTypeType = "char",
  TThostFtdcAuthCodeType = "string",
  TThostFtdcAuthInfoType = "string",
  TThostFtdcAuthKeyType = "string",
  TThostFtdcAuthTypeType = "char",
  TThostFtdcAuthenticDataType = "string",
  TThostFtdcAvailabilityFlagType = "char",
  TThostFtdcBackUpStatusType = "char",
  TThostFtdcBalanceAlgorithmType = "char",
  TThostFtdcBankAccStatusType = "char",
  TThostFtdcBankAccTypeType = "char",
  TThostFtdcBankAccountNameType = "string",
  TThostFtdcBankAccountType = "string",
  TThostFtdcBankAccountTypeType = "string",
  TThostFtdcBankAcountOriginType = "char",
  TThostFtdcBankBranchIDType = "string",
  TThostFtdcBankBrchIDType = "string",
  TThostFtdcBankCodingForFutureType = "string",
  TThostFtdcBankCustNoType = "string",
  TThostFtdcBankFlagType = "string",
  TThostFtdcBankIDByBankType = "string",
  TThostFtdcBankIDType = "string",
  TThostFtdcBankMainKeyType = "string",
  TThostFtdcBankNameType = "string",
  TThostFtdcBankOperNoType = "string",
  TThostFtdcBankProxyIDType = "integer",
  TThostFtdcBankRepealFlagType = "char",
  TThostFtdcBankReturnCodeType = "string",
  TThostFtdcBankSerialType = "string",
  TThostFtdcBankServerDescriptionType = "string",
  TThostFtdcBankSubBranchIDType = "string",
  TThostFtdcBankTransKeyType = "string",
  TThostFtdcBankWorkKeyType = "string",
  TThostFtdcBanlanceTypeType = "char",
  TThostFtdcBase64AdditionalInfoType = "string",
  TThostFtdcBase64ClientSystemInfoType = "string",
  TThostFtdcBasisPriceTypeType = "char",
  TThostFtdcBatchSerialNoType = "string",
  TThostFtdcBatchStatusType = "char",
  TThostFtdcBigMoneyType = "double",
  TThostFtdcBillGenStatusType = "char",
  TThostFtdcBillHedgeFlagType = "char",
  TThostFtdcBillNameType = "string",
  TThostFtdcBillNoType = "string",
  TThostFtdcBizTypeType = "char",
  TThostFtdcBoolType = "integer",
  TThostFtdcBranchIDType = "string",
  TThostFtdcBranchNetCodeType = "string",
  TThostFtdcBranchNetNameType = "string",
  TThostFtdcBrandCodeType = "string",
  TThostFtdcBrokerAbbrType = "string",
  TThostFtdcBrokerDNSType = "string",
  TThostFtdcBrokerDataSyncStatusType = "char",
  TThostFtdcBrokerFunctionCodeType = "char",
  TThostFtdcBrokerIDType = "string",
  TThostFtdcBrokerNameType = "string",
  TThostFtdcBrokerRepealFlagType = "char",
  TThostFtdcBrokerTypeType = "char",
  TThostFtdcBrokerUserTypeType = "char",
  TThostFtdcBulletinIDType = "integer",
  TThostFtdcBusinessClassType = "char",
  TThostFtdcBusinessPeriodType = "string",
  TThostFtdcBusinessScopeType = "string",
  TThostFtdcBusinessTypeType = "char",
  TThostFtdcBusinessUnitType = "string",
  TThostFtdcByGroupType = "char",
  TThostFtdcByInvestorRangeType = "char",
  TThostFtdcCCBFeeModeType = "char",
  TThostFtdcCFFEXUploadFileNameType = "char",
  TThostFtdcCFMMCKeyKindType = "char",
  TThostFtdcCFMMCKeyType = "string",
  TThostFtdcCFMMCTokenType = "string",
  TThostFtdcCSRCAmTypeType = "string",
  TThostFtdcCSRCBankAccountType = "string",
  TThostFtdcCSRCBankFlagType = "string",
  TThostFtdcCSRCCancelFlagType = "string",
  TThostFtdcCSRCClientIDType = "string",
  TThostFtdcCSRCDataQueyTypeType = "char",
  TThostFtdcCSRCDateType = "string",
  TThostFtdcCSRCExchangeInstIDType = "string",
  TThostFtdcCSRCFreezeStatusType = "string",
  TThostFtdcCSRCFundIOTypeType = "char",
  TThostFtdcCSRCIdentifiedCardNoType = "string",
  TThostFtdcCSRCInvestorIDType = "string",
  TThostFtdcCSRCInvestorNameType = "string",
  TThostFtdcCSRCMemo1Type = "string",
  TThostFtdcCSRCMemoType = "string",
  TThostFtdcCSRCMoneyType = "double",
  TThostFtdcCSRCMortgageNameType = "string",
  TThostFtdcCSRCNationalType = "string",
  TThostFtdcCSRCOpenInvestorNameType = "string",
  TThostFtdcCSRCOpenNameType = "string",
  TThostFtdcCSRCOptionsTypeType = "string",
  TThostFtdcCSRCPriceType = "double",
  TThostFtdcCSRCReasonType = "string",
  TThostFtdcCSRCSecAgentIDType = "string",
  TThostFtdcCSRCStrikePriceType = "double",
  TThostFtdcCSRCTargetInstrIDType = "string",
  TThostFtdcCSRCTargetProductIDType = "string",
  TThostFtdcCSRCTimeType = "string",
  TThostFtdcCSRCTradeIDType = "string",
  TThostFtdcCTPTypeType = "char",
  TThostFtdcCZCEUploadFileNameType = "char",
  TThostFtdcCapitalCurrencyType = "string",
  TThostFtdcCaptchaInfoLenType = "integer",
  TThostFtdcCaptchaInfoType = "string",
  TThostFtdcCashExchangeCodeType = "char",
  TThostFtdcCertCodeType = "string",
  TThostFtdcCertificationTypeType = "char",
  TThostFtdcCffexDepartmentCodeType = "string",
  TThostFtdcCffexDepartmentNameType = "string",
  TThostFtdcCffmcDateType = "string",
  TThostFtdcCffmcTimeType = "string",
  TThostFtdcCfmmcReturnCodeType = "char",
  TThostFtdcChannelType = "string",
  TThostFtdcCharacterIDType = "string",
  TThostFtdcCheckInstrTypeType = "char",
  TThostFtdcCheckLevelType = "char",
  TThostFtdcCheckNoType = "integer",
  TThostFtdcCheckResultMemoType = "string",
  TThostFtdcCheckStatusType = "char",
  TThostFtdcCityType = "string",
  TThostFtdcClassTypeType = "char",
  TThostFtdcClassifyType = "string",
  TThostFtdcClearAccountType = "string",
  TThostFtdcClearBrchIDType = "string",
  TThostFtdcClearDepIDType = "string",
  TThostFtdcClearNameType = "string",
  TThostFtdcClearbarchIDType = "string",
  TThostFtdcClientClassifyType = "string",
  TThostFtdcClientIDStatusType = "char",
  TThostFtdcClientIDType = "string",
  TThostFtdcClientIDTypeType = "char",
  TThostFtdcClientLoginRemarkType = "string",
  TThostFtdcClientModeType = "string",
  TThostFtdcClientRegionType = "char",
  TThostFtdcClientSystemInfoType = "string",
  TThostFtdcClientTypeType = "char",
  TThostFtdcCloseDealTypeType = "char",
  TThostFtdcCloseStyleType = "char",
  TThostFtdcCodeSourceTypeType = "char",
  TThostFtdcCollectTimeType = "string",
  TThostFtdcComTypeType = "integer",
  TThostFtdcCombDirectionType = "char",
  TThostFtdcCombHedgeFlagType = "string",
  TThostFtdcCombOffsetFlagType = "string",
  TThostFtdcCombinInstrIDType = "string",
  TThostFtdcCombinSettlePriceType = "string",
  TThostFtdcCombinationTypeType = "char",
  TThostFtdcCombineIDType = "string",
  TThostFtdcCombineTypeType = "string",
  TThostFtdcComeFromType = "string",
  TThostFtdcCommApiPointerType = "integer",
  TThostFtdcCommApiTypeType = "char",
  TThostFtdcCommModelMemoType = "string",
  TThostFtdcCommModelNameType = "string",
  TThostFtdcCommPhaseNoType = "integer",
  TThostFtdcCommandNoType = "integer",
  TThostFtdcCommandTypeType = "string",
  TThostFtdcCommentType = "string",
  TThostFtdcCommonIntType = "integer",
  TThostFtdcCompanyCodeType = "string",
  TThostFtdcCompanyTypeType = "string",
  TThostFtdcConditionalOrderSortTypeType = "char",
  TThostFtdcConnectModeType = "char",
  TThostFtdcContentType = "string",
  TThostFtdcContingentConditionType = "char",
  TThostFtdcContractCodeType = "string",
  TThostFtdcCorporateIdentifiedCardNoType = "string",
  TThostFtdcCorrectSerialType = "integer",
  TThostFtdcCounterIDType = "string",
  TThostFtdcCountryCodeType = "string",
  TThostFtdcCountryType = "string",
  TThostFtdcCryptoKeyVersionType = "string",
  TThostFtdcCurrExDirectionType = "char",
  TThostFtdcCurrExchCertNoType = "string",
  TThostFtdcCurrencyCodeType = "string",
  TThostFtdcCurrencyIDType = "string",
  TThostFtdcCurrencyNameType = "string",
  TThostFtdcCurrencySignType = "string",
  TThostFtdcCurrencySwapMemoType = "string",
  TThostFtdcCurrencySwapStatusType = "char",
  TThostFtdcCurrencyUnitType = "double",
  TThostFtdcCurrentAuthMethodType = "integer",
  TThostFtdcCusAccountTypeType = "char",
  TThostFtdcCustFeeType = "double",
  TThostFtdcCustNumberType = "string",
  TThostFtdcCustTypeType = "char",
  TThostFtdcDAClientTypeType = "char",
  TThostFtdcDBLinkIDType = "string",
  TThostFtdcDBOPSeqNoType = "integer",
  TThostFtdcDBOperationType = "char",
  TThostFtdcDCEPriorityType = "integer",
  TThostFtdcDCEUploadFileNameType = "char",
  TThostFtdcDRIdentityIDType = "integer",
  TThostFtdcDRIdentityNameType = "string",
  TThostFtdcDataCenterIDType = "integer",
  TThostFtdcDataResourceType = "char",
  TThostFtdcDataStatusType = "char",
  TThostFtdcDataSyncStatusType = "char",
  TThostFtdcDataTypeType = "string",
  TThostFtdcDateExprType = "string",
  TThostFtdcDateTimeType = "string",
  TThostFtdcDateType = "string",
  TThostFtdcDceCombinationTypeType = "char",
  TThostFtdcDeliveryModeType = "char",
  TThostFtdcDeliveryTypeType = "char",
  TThostFtdcDeltaType = "double",
  TThostFtdcDepartmentRangeType = "char",
  TThostFtdcDepositSeqNoType = "string",
  TThostFtdcDescrInfoForReturnCodeType = "string",
  TThostFtdcDescriptionType = "string",
  TThostFtdcDeviceIDType = "string",
  TThostFtdcDigestType = "string",
  TThostFtdcDirectionEnType = "char",
  TThostFtdcDirectionType = "char",
  TThostFtdcDiscountRatioType = "double",
  TThostFtdcEMailType = "string",
  TThostFtdcEnumBoolType = "char",
  TThostFtdcEnumValueIDType = "string",
  TThostFtdcEnumValueLabelType = "string",
  TThostFtdcEnumValueResultType = "string",
  TThostFtdcEnumValueTypeType = "string",
  TThostFtdcErrorIDType = "integer",
  TThostFtdcErrorMsgType = "string",
  TThostFtdcEventModeType = "char",
  TThostFtdcEventTypeType = "string",
  TThostFtdcExClientIDTypeType = "char",
  TThostFtdcExDirectionType = "char",
  TThostFtdcExRateType = "double",
  TThostFtdcExReturnCodeType = "integer",
  TThostFtdcExStatusType = "char",
  TThostFtdcExchangeAbbrType = "string",
  TThostFtdcExchangeConnectStatusType = "char",
  TThostFtdcExchangeFlagType = "string",
  TThostFtdcExchangeIDType = "string",
  TThostFtdcExchangeIDTypeType = "char",
  TThostFtdcExchangeInstIDType = "string",
  TThostFtdcExchangeNameType = "string",
  TThostFtdcExchangePropertyType = "char",
  TThostFtdcExchangeRateType = "double",
  TThostFtdcExchangeSettlementParamIDType = "char",
  TThostFtdcExecOrderCloseFlagType = "char",
  TThostFtdcExecOrderPositionFlagType = "char",
  TThostFtdcExecOrderSysIDType = "string",
  TThostFtdcExecResultType = "char",
  TThostFtdcExportFileTypeType = "char",
  TThostFtdcExprSetModeType = "char",
  TThostFtdcFBEAlreadyTradeType = "char",
  TThostFtdcFBEAmtType = "double",
  TThostFtdcFBEBankAccountNameType = "string",
  TThostFtdcFBEBankAccountType = "string",
  TThostFtdcFBEBankNoType = "string",
  TThostFtdcFBEBatchSerialType = "string",
  TThostFtdcFBEBusinessSerialType = "string",
  TThostFtdcFBEBusinessTypeType = "string",
  TThostFtdcFBECertNoType = "string",
  TThostFtdcFBEExchStatusType = "char",
  TThostFtdcFBEExtendMsgType = "string",
  TThostFtdcFBEFileFlagType = "char",
  TThostFtdcFBEFileNameType = "string",
  TThostFtdcFBEOpenBankType = "string",
  TThostFtdcFBEPostScriptType = "string",
  TThostFtdcFBERemarkType = "string",
  TThostFtdcFBEReqFlagType = "char",
  TThostFtdcFBEResultFlagType = "char",
  TThostFtdcFBERtnMsgType = "string",
  TThostFtdcFBESystemSerialType = "string",
  TThostFtdcFBETimeType = "string",
  TThostFtdcFBETotalExCntType = "integer",
  TThostFtdcFBEUserEventTypeType = "char",
  TThostFtdcFBTCoreIDType = "integer",
  TThostFtdcFBTEncryModeType = "char",
  TThostFtdcFBTPassWordTypeType = "char",
  TThostFtdcFBTRequestIDType = "integer",
  TThostFtdcFBTTradeCodeEnumType = "char",
  TThostFtdcFBTTransferDirectionType = "char",
  TThostFtdcFBTUserEventTypeType = "char",
  TThostFtdcFaxType = "string",
  TThostFtdcFeeAcceptStyleType = "char",
  TThostFtdcFeePayFlagType = "char",
  TThostFtdcFetchAmtType = "string",
  TThostFtdcFieldContentType = "string",
  TThostFtdcFieldNameType = "string",
  TThostFtdcFileBusinessCodeType = "char",
  TThostFtdcFileFormatType = "char",
  TThostFtdcFileGenStyleType = "char",
  TThostFtdcFileIDType = "char",
  TThostFtdcFileNameType = "string",
  TThostFtdcFileStatusType = "char",
  TThostFtdcFileTypeType = "char",
  TThostFtdcFileUploadStatusType = "char",
  TThostFtdcFindMarginRateAlgoIDType = "char",
  TThostFtdcFlexStatModeType = "char",
  TThostFtdcFlowIDType = "char",
  TThostFtdcForQuoteStatusType = "char",
  TThostFtdcForceCloseReasonType = "char",
  TThostFtdcForceCloseSceneIdType = "string",
  TThostFtdcForceCloseTypeType = "char",
  TThostFtdcFreezeStatusType = "char",
  TThostFtdcFrontIDType = "integer",
  TThostFtdcFunctionCodeType = "char",
  TThostFtdcFunctionIDType = "string",
  TThostFtdcFunctionNameType = "string",
  TThostFtdcFunctionUrlType = "string",
  TThostFtdcFunctionValueCodeType = "string",
  TThostFtdcFundDirectionEnType = "char",
  TThostFtdcFundDirectionType = "char",
  TThostFtdcFundEventTypeType = "char",
  TThostFtdcFundIOTypeEnType = "char",
  TThostFtdcFundIOTypeType = "char",
  TThostFtdcFundMortDirectionEnType = "char",
  TThostFtdcFundMortDirectionType = "char",
  TThostFtdcFundMortgageTypeType = "char",
  TThostFtdcFundProjectIDType = "string",
  TThostFtdcFundStatusType = "char",
  TThostFtdcFundTypeEnType = "char",
  TThostFtdcFundTypeType = "char",
  TThostFtdcFutureAccPwdType = "string",
  TThostFtdcFutureAccTypeType = "char",
  TThostFtdcFutureAccountNameType = "string",
  TThostFtdcFutureAccountType = "string",
  TThostFtdcFutureBranchIDType = "string",
  TThostFtdcFutureFeeType = "double",
  TThostFtdcFutureIDType = "string",
  TThostFtdcFutureMainKeyType = "string",
  TThostFtdcFuturePwdFlagType = "char",
  TThostFtdcFutureSerialType = "integer",
  TThostFtdcFutureTransKeyType = "string",
  TThostFtdcFutureTypeType = "char",
  TThostFtdcFutureWorkKeyType = "string",
  TThostFtdcFuturesIDType = "string",
  TThostFtdcGenderType = "char",
  TThostFtdcGiveUpDataSourceType = "char",
  TThostFtdcGradeType = "string",
  TThostFtdcHandlePositionAlgoIDType = "char",
  TThostFtdcHandleTradingAccountAlgoIDType = "char",
  TThostFtdcHandshakeDataLenType = "integer",
  TThostFtdcHandshakeDataType = "string",
  TThostFtdcHasBoardType = "char",
  TThostFtdcHasTrusteeType = "char",
  TThostFtdcHedgeFlagEnType = "char",
  TThostFtdcHedgeFlagType = "char",
  TThostFtdcIDBNameType = "string",
  TThostFtdcIPAddressType = "string",
  TThostFtdcIPPortType = "integer",
  TThostFtdcIdCardTypeType = "char",
  TThostFtdcIdentifiedCardNoType = "string",
  TThostFtdcImplyLevelType = "integer",
  TThostFtdcImportSequenceIDType = "string",
  TThostFtdcInTheMoneyFlagType = "string",
  TThostFtdcIncludeCloseProfitType = "char",
  TThostFtdcIndividualNameType = "string",
  TThostFtdcIndustryIDType = "string",
  TThostFtdcInitSettlementType = "char",
  TThostFtdcInstLifePhaseType = "char",
  TThostFtdcInstStatusEnterReasonType = "char",
  TThostFtdcInstallCountType = "integer",
  TThostFtdcInstallIDType = "integer",
  TThostFtdcInstitutionTypeType = "char",
  TThostFtdcInstrumentCodeType = "string",
  TThostFtdcInstrumentIDExprType = "string",
  TThostFtdcInstrumentIDType = "string",
  TThostFtdcInstrumentIDsType = "string",
  TThostFtdcInstrumentNameExprType = "string",
  TThostFtdcInstrumentNameType = "string",
  TThostFtdcInstrumentStatusType = "char",
  TThostFtdcInvBrchIDType = "string",
  TThostFtdcInvDepIDType = "string",
  TThostFtdcInvestUnitIDType = "string",
  TThostFtdcInvestVarietyType = "string",
  TThostFtdcInvestorFullNameType = "string",
  TThostFtdcInvestorGroupNameType = "string",
  TThostFtdcInvestorIDRuleExprType = "string",
  TThostFtdcInvestorIDRuleNameType = "string",
  TThostFtdcInvestorIDType = "string",
  TThostFtdcInvestorRangeType = "char",
  TThostFtdcInvestorRiskStatusType = "char",
  TThostFtdcInvestorSettlementParamIDType = "char",
  TThostFtdcInvestorTypeType = "char",
  TThostFtdcIsCheckPrepaType = "integer",
  TThostFtdcIsSettlementType = "string",
  TThostFtdcIsStockType = "string",
  TThostFtdcLanguageTypeType = "char",
  TThostFtdcLargeVolumeType = "double",
  TThostFtdcLastDriftType = "integer",
  TThostFtdcLastFragmentType = "char",
  TThostFtdcLastSuccessType = "integer",
  TThostFtdcLedgerManageBankType = "string",
  TThostFtdcLedgerManageIDType = "string",
  TThostFtdcLegIDType = "integer",
  TThostFtdcLegMultipleType = "integer",
  TThostFtdcLicenseNOType = "string",
  TThostFtdcLicenseNoType = "string",
  TThostFtdcLimitUseTypeType = "char",
  TThostFtdcLinkStatusType = "char",
  TThostFtdcLogLevelType = "string",
  TThostFtdcLoginModeType = "char",
  TThostFtdcLoginRemarkType = "string",
  TThostFtdcLongFBEBankAccountNameType = "string",
  TThostFtdcLongIndividualNameType = "string",
  TThostFtdcLongTimeType = "string",
  TThostFtdcMacAddressType = "string",
  TThostFtdcManageStatusType = "char",
  TThostFtdcMarginPriceTypeType = "char",
  TThostFtdcMarginRateTypeType = "char",
  TThostFtdcMarginTypeType = "char",
  TThostFtdcMarketIDType = "string",
  TThostFtdcMatchTypeType = "char",
  TThostFtdcMaxMarginSideAlgorithmType = "char",
  TThostFtdcMemoType = "string",
  TThostFtdcMessageFormatVersionType = "string",
  TThostFtdcMillisecType = "integer",
  TThostFtdcMobilePhoneType = "string",
  TThostFtdcMobileType = "string",
  TThostFtdcMoneyAccountStatusType = "char",
  TThostFtdcMoneyType = "double",
  TThostFtdcMonthBillTradeSumType = "char",
  TThostFtdcMonthCountType = "integer",
  TThostFtdcMonthType = "integer",
  TThostFtdcMortgageFundUseRangeType = "char",
  TThostFtdcMortgageTypeType = "char",
  TThostFtdcNationalType = "string",
  TThostFtdcNewsTypeType = "string",
  TThostFtdcNewsUrgencyType = "char",
  TThostFtdcNocIDType = "string",
  TThostFtdcNoteTypeType = "char",
  TThostFtdcNotifyClassType = "char",
  TThostFtdcOTCTradeTypeType = "char",
  TThostFtdcOTCTraderIDType = "string",
  TThostFtdcOTPStatusType = "char",
  TThostFtdcOTPTypeType = "char",
  TThostFtdcOTPVendorsIDType = "string",
  TThostFtdcOTPVendorsNameType = "string",
  TThostFtdcOffsetFlagEnType = "char",
  TThostFtdcOffsetFlagType = "char",
  TThostFtdcOldCityType = "string",
  TThostFtdcOldExchangeInstIDType = "string",
  TThostFtdcOldIPAddressType = "string",
  TThostFtdcOldInstrumentIDType = "string",
  TThostFtdcOpenBankType = "string",
  TThostFtdcOpenLimitControlLevelType = "char",
  TThostFtdcOpenNameType = "string",
  TThostFtdcOpenOrDestroyType = "char",
  TThostFtdcOperNoType = "string",
  TThostFtdcOperationMemoType = "string",
  TThostFtdcOperatorCodeType = "string",
  TThostFtdcOperatorIDType = "string",
  TThostFtdcOptSelfCloseFlagType = "char",
  TThostFtdcOptionContentType = "string",
  TThostFtdcOptionIDType = "string",
  TThostFtdcOptionRoyaltyPriceTypeType = "char",
  TThostFtdcOptionsTypeType = "char",
  TThostFtdcOrderActionRefType = "integer",
  TThostFtdcOrderActionStatusType = "char",
  TThostFtdcOrderCancelAlgType = "char",
  TThostFtdcOrderFreqControlLevelType = "char",
  TThostFtdcOrderLocalIDType = "string",
  TThostFtdcOrderPriceTypeType = "char",
  TThostFtdcOrderRefType = "string",
  TThostFtdcOrderSourceType = "char",
  TThostFtdcOrderStatusType = "char",
  TThostFtdcOrderSubmitStatusType = "char",
  TThostFtdcOrderSysIDType = "string",
  TThostFtdcOrderTypeType = "char",
  TThostFtdcOrgSystemIDType = "char",
  TThostFtdcOrganCodeType = "string",
  TThostFtdcOrganFlagType = "string",
  TThostFtdcOrganLevelType = "char",
  TThostFtdcOrganNOType = "string",
  TThostFtdcOrganNameType = "string",
  TThostFtdcOrganStatusType = "char",
  TThostFtdcOrganTypeType = "char",
  TThostFtdcPKNameType = "string",
  TThostFtdcPKValueType = "string",
  TThostFtdcPageControlType = "string",
  TThostFtdcParamIDType = "integer",
  TThostFtdcParamNameType = "string",
  TThostFtdcParamValueType = "string",
  TThostFtdcParkedOrderActionIDType = "string",
  TThostFtdcParkedOrderIDType = "string",
  TThostFtdcParkedOrderStatusType = "char",
  TThostFtdcParticipantIDType = "string",
  TThostFtdcPartyNameType = "string",
  TThostFtdcPassWordKeyTypeType = "char",
  TThostFtdcPasswordKeyType = "string",
  TThostFtdcPasswordType = "string",
  TThostFtdcPasswordTypeType = "char",
  TThostFtdcPersonTypeType = "char",
  TThostFtdcPhotoNameType = "string",
  TThostFtdcPhotoTypeIDType = "string",
  TThostFtdcPhotoTypeNameType = "string",
  TThostFtdcPlateReturnCodeType = "string",
  TThostFtdcPlateSerialType = "integer",
  TThostFtdcPortfolioDefIDType = "integer",
  TThostFtdcPortfolioType = "char",
  TThostFtdcPosiDirectionType = "char",
  TThostFtdcPositionDateType = "char",
  TThostFtdcPositionDateTypeType = "char",
  TThostFtdcPositionType = "string",
  TThostFtdcPositionTypeType = "char",
  TThostFtdcPriceDecimalType = "string",
  TThostFtdcPriceSourceType = "char",
  TThostFtdcPriceType = "double",
  TThostFtdcPriorityType = "integer",
  TThostFtdcProcessIDType = "string",
  TThostFtdcProcessNameType = "string",
  TThostFtdcProcessStatusType = "char",
  TThostFtdcProcessTypeType = "string",
  TThostFtdcProductClassType = "char",
  TThostFtdcProductDateType = "string",
  TThostFtdcProductInfoType = "string",
  TThostFtdcProductLifePhaseType = "char",
  TThostFtdcProductNameType = "string",
  TThostFtdcProductStatusType = "char",
  TThostFtdcProductTypeType = "char",
  TThostFtdcProfessionType = "string",
  TThostFtdcPromptTypeType = "char",
  TThostFtdcPropertyIDType = "string",
  TThostFtdcPropertyInvestorRangeType = "char",
  TThostFtdcPropertyNameType = "string",
  TThostFtdcPropertyStringType = "string",
  TThostFtdcProtocalIDType = "char",
  TThostFtdcProtocolInfoType = "string",
  TThostFtdcProvinceType = "string",
  TThostFtdcPublishPathType = "string",
  TThostFtdcPublishStatusType = "char",
  TThostFtdcPwdFlagType = "char",
  TThostFtdcQueryDepthType = "integer",
  TThostFtdcQueryFreqType = "integer",
  TThostFtdcQueryInvestorRangeType = "char",
  TThostFtdcQuestionContentType = "string",
  TThostFtdcQuestionIDType = "string",
  TThostFtdcQuestionTypeType = "char",
  TThostFtdcRandomStringType = "string",
  TThostFtdcRangeIntFromType = "string",
  TThostFtdcRangeIntToType = "string",
  TThostFtdcRangeIntTypeType = "string",
  TThostFtdcRateInvestorRangeType = "char",
  TThostFtdcRateTemplateIDType = "string",
  TThostFtdcRateTemplateNameType = "string",
  TThostFtdcRateTypeType = "char",
  TThostFtdcRatioAttrType = "char",
  TThostFtdcRatioType = "double",
  TThostFtdcReasonType = "char",
  TThostFtdcRecordCountType = "integer",
  TThostFtdcRecordNumType = "string",
  TThostFtdcRegionType = "string",
  TThostFtdcRepealTimeIntervalType = "integer",
  TThostFtdcRepealedTimesType = "integer",
  TThostFtdcReportStatusType = "char",
  TThostFtdcReportTypeIDType = "string",
  TThostFtdcReqFlagType = "char",
  TThostFtdcReqRspTypeType = "char",
  TThostFtdcRequestIDType = "integer",
  TThostFtdcResFlagType = "char",
  TThostFtdcReserveOpenAccStasType = "char",
  TThostFtdcResponseValueType = "char",
  TThostFtdcRetCodeType = "string",
  TThostFtdcRetInfoType = "string",
  TThostFtdcReturnCodeType = "string",
  TThostFtdcReturnLevelType = "char",
  TThostFtdcReturnPatternType = "char",
  TThostFtdcReturnStandardType = "char",
  TThostFtdcReturnStyleType = "char",
  TThostFtdcRightParamTypeType = "char",
  TThostFtdcRightTemplateIDType = "string",
  TThostFtdcRightTemplateNameType = "string",
  TThostFtdcRiskLevelType = "char",
  TThostFtdcRiskNofityInfoType = "string",
  TThostFtdcRiskNotifyMethodType = "char",
  TThostFtdcRiskNotifyStatusType = "char",
  TThostFtdcRiskRateType = "string",
  TThostFtdcRiskUserEventType = "char",
  TThostFtdcRiskValueType = "double",
  TThostFtdcRoleIDType = "string",
  TThostFtdcRoleNameType = "string",
  TThostFtdcRsaKeyVersionType = "integer",
  TThostFtdcSHFEInstLifePhaseType = "string",
  TThostFtdcSHFEProductClassType = "string",
  TThostFtdcSHFEUploadFileNameType = "char",
  TThostFtdcSRiskRateType = "string",
  TThostFtdcSaveStatusType = "char",
  TThostFtdcSecType = "integer",
  TThostFtdcSecuAccTypeType = "char",
  TThostFtdcSendMethodType = "char",
  TThostFtdcSendTypeType = "char",
  TThostFtdcSentenceType = "string",
  TThostFtdcSeqNoType = "integer",
  TThostFtdcSequenceLabelType = "string",
  TThostFtdcSequenceNo12Type = "integer",
  TThostFtdcSequenceNoType = "integer",
  TThostFtdcSequenceSeriesType = "integer",
  TThostFtdcSerialNumberType = "string",
  TThostFtdcSerialType = "integer",
  TThostFtdcServerPortType = "integer",
  TThostFtdcServiceIDType = "integer",
  TThostFtdcServiceLineNoType = "integer",
  TThostFtdcServiceNameType = "string",
  TThostFtdcSessionIDType = "integer",
  TThostFtdcSettArchiveStatusType = "char",
  TThostFtdcSettleManagerGroupType = "char",
  TThostFtdcSettleManagerIDType = "string",
  TThostFtdcSettleManagerLevelType = "char",
  TThostFtdcSettleManagerNameType = "string",
  TThostFtdcSettleManagerTypeType = "char",
  TThostFtdcSettlementBillTypeType = "char",
  TThostFtdcSettlementGroupIDType = "string",
  TThostFtdcSettlementIDType = "integer",
  TThostFtdcSettlementParamValueType = "string",
  TThostFtdcSettlementStatusType = "char",
  TThostFtdcSettlementStyleType = "char",
  TThostFtdcSexType = "char",
  TThostFtdcSingleMaxAmtType = "double",
  TThostFtdcSingleMinAmtType = "double",
  TThostFtdcSoftwareProviderIDType = "string",
  TThostFtdcSpecPosiTypeType = "char",
  TThostFtdcSpecProductTypeType = "char",
  TThostFtdcSpecialCreateRuleType = "char",
  TThostFtdcSponsorTypeType = "char",
  TThostFtdcSpreadIdType = "integer",
  TThostFtdcStandardStatusType = "char",
  TThostFtdcStartModeType = "char",
  TThostFtdcStatModeType = "char",
  TThostFtdcStrikeModeType = "char",
  TThostFtdcStrikeOffsetTypeType = "char",
  TThostFtdcStrikeSequenceType = "integer",
  TThostFtdcStrikeTimeType = "string",
  TThostFtdcStrikeTypeType = "char",
  TThostFtdcSubBranchIDType = "string",
  TThostFtdcSubBranchNameType = "string",
  TThostFtdcSubEntryFundNoType = "integer",
  TThostFtdcSuperOrganCodeType = "string",
  TThostFtdcSwapBusinessTypeType = "string",
  TThostFtdcSwapSourceTypeType = "char",
  TThostFtdcSyncDataStatusType = "char",
  TThostFtdcSyncDeltaStatusType = "char",
  TThostFtdcSyncDescriptionType = "string",
  TThostFtdcSyncFlagType = "char",
  TThostFtdcSyncModeType = "char",
  TThostFtdcSyncTypeType = "char",
  TThostFtdcSysOperModeType = "char",
  TThostFtdcSysOperTypeType = "char",
  TThostFtdcSysSettlementStatusType = "char",
  TThostFtdcSysVersionType = "string",
  TThostFtdcSystemIDType = "string",
  TThostFtdcSystemInfoLenType = "integer",
  TThostFtdcSystemNameType = "string",
  TThostFtdcSystemParamIDType = "char",
  TThostFtdcSystemStatusType = "char",
  TThostFtdcSystemTypeType = "char",
  TThostFtdcTIDType = "integer",
  TThostFtdcTableNameType = "string",
  TThostFtdcTargetIDType = "string",
  TThostFtdcTaxNoType = "string",
  TThostFtdcTelephoneType = "string",
  TThostFtdcTemplateTypeType = "char",
  TThostFtdcTimeConditionType = "char",
  TThostFtdcTimeRangeType = "char",
  TThostFtdcTimeSpanType = "string",
  TThostFtdcTimeType = "string",
  TThostFtdcTimestampType = "integer",
  TThostFtdcToolIDType = "string",
  TThostFtdcToolNameType = "string",
  TThostFtdcTopicIDType = "integer",
  TThostFtdcTotalAmtType = "double",
  TThostFtdcTotalTimesType = "integer",
  TThostFtdcTradeAmountType = "double",
  TThostFtdcTradeAmtType = "string",
  TThostFtdcTradeCodeType = "string",
  TThostFtdcTradeDateType = "string",
  TThostFtdcTradeGroupIDType = "integer",
  TThostFtdcTradeIDType = "string",
  TThostFtdcTradeParamIDType = "char",
  TThostFtdcTradeSerialNoType = "integer",
  TThostFtdcTradeSerialType = "string",
  TThostFtdcTradeSourceType = "char",
  TThostFtdcTradeSumStatModeType = "char",
  TThostFtdcTradeTimeType = "string",
  TThostFtdcTradeTypeType = "char",
  TThostFtdcTraderConnectStatusType = "char",
  TThostFtdcTraderIDType = "string",
  TThostFtdcTradingRightType = "char",
  TThostFtdcTradingRoleType = "char",
  TThostFtdcTradingSegmentSNType = "integer",
  TThostFtdcTradingTypeType = "char",
  TThostFtdcTransferDirectionType = "char",
  TThostFtdcTransferStatusType = "char",
  TThostFtdcTransferTypeType = "char",
  TThostFtdcTransferValidFlagType = "char",
  TThostFtdcTxnEndFlagType = "char",
  TThostFtdcUOAAssetmgrTypeType = "char",
  TThostFtdcUOAAutoSendType = "char",
  TThostFtdcUOABrokerIDType = "string",
  TThostFtdcUOACountryCodeType = "string",
  TThostFtdcUOAEMailType = "string",
  TThostFtdcUOAIdCardTypeType = "string",
  TThostFtdcUOAOrganTypeType = "string",
  TThostFtdcUOAProcessStatusType = "string",
  TThostFtdcUOAZipCodeType = "string",
  TThostFtdcUOMType = "string",
  TThostFtdcURLLinkType = "string",
  TThostFtdcUnderlyingMultipleType = "double",
  TThostFtdcUpdateFlagType = "char",
  TThostFtdcUploadModeType = "string",
  TThostFtdcUseAmtType = "string",
  TThostFtdcUsedStatusType = "char",
  TThostFtdcUserEventInfoType = "string",
  TThostFtdcUserEventTypeType = "char",
  TThostFtdcUserIDType = "string",
  TThostFtdcUserNameType = "string",
  TThostFtdcUserProductIDType = "string",
  TThostFtdcUserProductMemoType = "string",
  TThostFtdcUserProductNameType = "string",
  TThostFtdcUserRangeType = "char",
  TThostFtdcUserRightTypeType = "char",
  TThostFtdcUserTextSeqType = "integer",
  TThostFtdcUserTypeType = "char",
  TThostFtdcValueMethodType = "char",
  TThostFtdcVersionType = "string",
  TThostFtdcVirBankAccTypeType = "char",
  TThostFtdcVirDealStatusType = "char",
  TThostFtdcVirTradeStatusType = "char",
  TThostFtdcVirementAvailAbilityType = "char",
  TThostFtdcVirementStatusType = "char",
  TThostFtdcVirementTradeCodeType = "char",
  TThostFtdcVolumeConditionType = "char",
  TThostFtdcVolumeMultipleType = "integer",
  TThostFtdcVolumeType = "integer",
  TThostFtdcWarehouseType = "string",
  TThostFtdcWeakPasswordSourceType = "char",
  TThostFtdcWebSiteType = "string",
  TThostFtdcWebsiteType = "string",
  TThostFtdcWeightType = "string",
  TThostFtdcWorkPlaceType = "string",
  TThostFtdcYearType = "integer",
  TThostFtdcYesNoIndicatorType = "char",
  TThostFtdcYieldlyType = "string",
  TThostFtdcZipCodeType = "string"
}
